<?xml version="1.0" encoding="UTF-8"?>
<testsuite name="com.towhid.healthcare.ServerTest" tests="1" skipped="0" failures="0" errors="0" timestamp="2026-07-12T05:21:25.026Z" hostname="Macmini" time="1.255">
  <properties/>
  <testcase name="test root endpoint" classname="com.towhid.healthcare.ServerTest" time="1.249"/>
  <system-out><![CDATA[2026-07-12 11:21:25.506 [DefaultDispatcher-worker-2 @call-context#3] INFO  io.ktor.test - No ktor.deployment.watch patterns specified, automatic reload is not active.
2026-07-12 11:21:25.535 [DefaultDispatcher-worker-2 @coroutine#4] INFO  [Koin] - Started 1 definitions in 0.602 ms
]]></system-out>
  <system-err><![CDATA[]]></system-err>
</testsuite>
